<?xml version="1.0" encoding="UTF-8"?>
<!-- Generated by org.testng.reporters.JUnitXMLReporter -->
<testsuite ignored="0" hostname="Samsung-PC" failures="1" tests="3" name="Test2" time="13.256" errors="0" timestamp="01 May 2019 19:56:47 GMT">
  <testcase classname="page.steps.HomePageSteps" name="VerifyLogin" time="8.447">
    <failure type="java.lang.AssertionError" message="Login Success expected [ut] but found [Logout]">
      <![CDATA[java.lang.AssertionError: Login Success expected [ut] but found [Logout]
at page.steps.HomePageSteps.VerifyLogin(HomePageSteps.java:34)
... Removed 30 stack frames]]>
    </failure>
  </testcase> <!-- VerifyLogin -->
  <testcase classname="page.steps.DashBoardPageSteps" name="GetNumberofUsers" time="0.0">
    <skipped/>
  </testcase> <!-- GetNumberofUsers -->
  <testcase classname="page.steps.DashBoardPageSteps" name="AddUserCheck" time="0.0">
    <skipped/>
  </testcase> <!-- AddUserCheck -->
</testsuite> <!-- Test2 -->
