<?xml version="1.0" encoding="UTF-8"?>
<!-- Generated by org.testng.reporters.JUnitXMLReporter -->
<testsuite ignored="0" hostname="Samsung-PC" failures="1" tests="1" name="Test1" time="16.755" errors="0" timestamp="01 May 2019 19:56:34 GMT">
  <testcase classname="page.steps.HomePageSteps" name="VerifyLogin" time="10.496">
    <failure type="java.lang.AssertionError" message="Login Success expected [ut] but found [Logout]">
      <![CDATA[java.lang.AssertionError: Login Success expected [ut] but found [Logout]
at page.steps.HomePageSteps.VerifyLogin(HomePageSteps.java:34)
... Removed 30 stack frames]]>
    </failure>
  </testcase> <!-- VerifyLogin -->
</testsuite> <!-- Test1 -->
