<?xml version="1.0" encoding="UTF-8"?>
<!-- Generated by org.testng.reporters.JUnitXMLReporter -->
<testsuite ignored="2" hostname="Samsung-PC" failures="0" tests="0" name="Verify Login" time="0.013" errors="0" timestamp="27 Apr 2019 17:52:29 GMT">
  <testcase classname="com.test.common.utils.CommonActions" name="@AfterSuite TearDown" time="0.0">
    <ignored/>
  </testcase> <!-- @AfterSuite TearDown -->
  <testcase classname="com.test.common.utils.CommonActions" name="@BeforeSuite InitialStartUp" time="0.0">
    <ignored/>
  </testcase> <!-- @BeforeSuite InitialStartUp -->
</testsuite> <!-- Verify Login -->
